# JRE version: OpenJDK Runtime Environment Zulu21.38+21-CA (21.0.5+11) (build 21.0.5+11-LTS)
# Java VM: OpenJDK 64-Bit Server VM Zulu21.38+21-CA (21.0.5+11-LTS, mixed mode, tiered, compressed oops, compressed class ptrs, g1 gc, bsd-amd64)
GC Precious Log:
 CardTable entry size: 512
 Card Set container configuration: InlinePtr #cards 4 size 8 Array Of Cards #cards 32 size 80 Howl #buckets 8 coarsen threshold 7372 Howl Bitmap #cards 1024 size 144 coarsen threshold 921 Card regions per heap region 1 cards per card region 8192
 CPUs: 10 total, 10 available
 Memory: 32768M
 Large Page Support: Disabled
 NUMA Support: Disabled
 Compressed Oops: Enabled (Zero based)
 Heap Region Size: 4M
 Heap Min Capacity: 8M
 Heap Initial Capacity: 512M
 Heap Max Capacity: 8G
 Pre-touch: Disabled
 Parallel Workers: 9
 Concurrent Workers: 2
 Concurrent Refinement Workers: 9
 Periodic GC: Disabled
Heap:
 garbage-first heap   total 782336K, used 294453K [0x0000000600000000, 0x0000000800000000)
  region size 4096K, 10 young (40960K), 9 survivors (36864K)
 Metaspace       used 77789K, committed 79360K, reserved 1179648K
  class space    used 8347K, committed 9152K, reserved 1048576K
GC Heap History (20 events):
Event: 134.792 GC heap before
{Heap before GC invocations=21 (full 0):
 garbage-first heap   total 552960K, used 426666K [0x0000000600000000, 0x0000000800000000)
  region size 4096K, 81 young (331776K), 6 survivors (24576K)
 Metaspace       used 72476K, committed 73536K, reserved 1179648K
  class space    used 7758K, committed 8256K, reserved 1048576K
}
Event: 134.809 GC heap after
{Heap after GC invocations=22 (full 0):
 garbage-first heap   total 552960K, used 133394K [0x0000000600000000, 0x0000000800000000)
  region size 4096K, 9 young (36864K), 9 survivors (36864K)
 Metaspace       used 72476K, committed 73536K, reserved 1179648K
  class space    used 7758K, committed 8256K, reserved 1048576K
}
Event: 135.108 GC heap before
{Heap before GC invocations=22 (full 0):
 garbage-first heap   total 552960K, used 190738K [0x0000000600000000, 0x0000000800000000)
  region size 4096K, 24 young (98304K), 9 survivors (36864K)
 Metaspace       used 72499K, committed 73600K, reserved 1179648K
  class space    used 7758K, committed 8256K, reserved 1048576K
}
Event: 135.125 GC heap after
{Heap after GC invocations=23 (full 0):
 garbage-first heap   total 552960K, used 137609K [0x0000000600000000, 0x0000000800000000)
  region size 4096K, 4 young (16384K), 4 survivors (16384K)
 Metaspace       used 72499K, committed 73600K, reserved 1179648K
  class space    used 7758K, committed 8256K, reserved 1048576K
}
Event: 137.826 GC heap before
{Heap before GC invocations=24 (full 0):
 garbage-first heap   total 466944K, used 395657K [0x0000000600000000, 0x0000000800000000)
  region size 4096K, 68 young (278528K), 4 survivors (16384K)
 Metaspace       used 72722K, committed 73728K, reserved 1179648K
  class space    used 7768K, committed 8256K, reserved 1048576K
}
Event: 137.838 GC heap after
{Heap after GC invocations=25 (full 0):
 garbage-first heap   total 466944K, used 151037K [0x0000000600000000, 0x0000000800000000)
  region size 4096K, 8 young (32768K), 8 survivors (32768K)
 Metaspace       used 72722K, committed 73728K, reserved 1179648K
  class space    used 7768K, committed 8256K, reserved 1048576K
}
Event: 138.971 GC heap before
{Heap before GC invocations=25 (full 0):
 garbage-first heap   total 466944K, used 392701K [0x0000000600000000, 0x0000000800000000)
  region size 4096K, 68 young (278528K), 8 survivors (32768K)
 Metaspace       used 72875K, committed 73984K, reserved 1179648K
  class space    used 7786K, committed 8320K, reserved 1048576K
}
Event: 138.987 GC heap after
{Heap after GC invocations=26 (full 0):
 garbage-first heap   total 466944K, used 162271K [0x0000000600000000, 0x0000000800000000)
  region size 4096K, 8 young (32768K), 8 survivors (32768K)
 Metaspace       used 72875K, committed 73984K, reserved 1179648K
  class space    used 7786K, committed 8320K, reserved 1048576K
}
Event: 139.970 GC heap before
{Heap before GC invocations=26 (full 0):
 garbage-first heap   total 466944K, used 399839K [0x0000000600000000, 0x0000000800000000)
  region size 4096K, 67 young (274432K), 8 survivors (32768K)
 Metaspace       used 73057K, committed 74176K, reserved 1179648K
  class space    used 7808K, committed 8320K, reserved 1048576K
}
Event: 139.989 GC heap after
{Heap after GC invocations=27 (full 0):
 garbage-first heap   total 466944K, used 172420K [0x0000000600000000, 0x0000000800000000)
  region size 4096K, 6 young (24576K), 6 survivors (24576K)
 Metaspace       used 73057K, committed 74176K, reserved 1179648K
  class space    used 7808K, committed 8320K, reserved 1048576K
}
Event: 141.161 GC heap before
{Heap before GC invocations=27 (full 0):
 garbage-first heap   total 466944K, used 409988K [0x0000000600000000, 0x0000000800000000)
  region size 4096K, 64 young (262144K), 6 survivors (24576K)
 Metaspace       used 73470K, committed 74560K, reserved 1179648K
  class space    used 7872K, committed 8384K, reserved 1048576K
}
Event: 141.173 GC heap after
{Heap after GC invocations=28 (full 0):
 garbage-first heap   total 466944K, used 182050K [0x0000000600000000, 0x0000000800000000)
  region size 4096K, 6 young (24576K), 6 survivors (24576K)
 Metaspace       used 73470K, committed 74560K, reserved 1179648K
  class space    used 7872K, committed 8384K, reserved 1048576K
}
Event: 145.020 GC heap before
{Heap before GC invocations=29 (full 0):
 garbage-first heap   total 466944K, used 456482K [0x0000000600000000, 0x0000000800000000)
  region size 4096K, 57 young (233472K), 6 survivors (24576K)
 Metaspace       used 73519K, committed 74688K, reserved 1179648K
  class space    used 7873K, committed 8448K, reserved 1048576K
}
Event: 145.039 GC heap after
{Heap after GC invocations=30 (full 0):
 garbage-first heap   total 503808K, used 266083K [0x0000000600000000, 0x0000000800000000)
  region size 4096K, 7 young (28672K), 7 survivors (28672K)
 Metaspace       used 73519K, committed 74688K, reserved 1179648K
  class space    used 7873K, committed 8448K, reserved 1048576K
}
Event: 152.541 GC heap before
{Heap before GC invocations=30 (full 0):
 garbage-first heap   total 782336K, used 704355K [0x0000000600000000, 0x0000000800000000)
  region size 4096K, 46 young (188416K), 7 survivors (28672K)
 Metaspace       used 75692K, committed 77056K, reserved 1179648K
  class space    used 8092K, committed 8768K, reserved 1048576K
}
Event: 152.560 GC heap after
{Heap after GC invocations=31 (full 0):
 garbage-first heap   total 782336K, used 274913K [0x0000000600000000, 0x0000000800000000)
  region size 4096K, 4 young (16384K), 4 survivors (16384K)
 Metaspace       used 75692K, committed 77056K, reserved 1179648K
  class space    used 8092K, committed 8768K, reserved 1048576K
}
Event: 155.425 GC heap before
{Heap before GC invocations=31 (full 0):
 garbage-first heap   total 782336K, used 676321K [0x0000000600000000, 0x0000000800000000)
  region size 4096K, 102 young (417792K), 4 survivors (16384K)
 Metaspace       used 77784K, committed 79360K, reserved 1179648K
  class space    used 8347K, committed 9152K, reserved 1048576K
}
Event: 155.442 GC heap after
{Heap after GC invocations=32 (full 0):
 garbage-first heap   total 782336K, used 293496K [0x0000000600000000, 0x0000000800000000)
  region size 4096K, 9 young (36864K), 9 survivors (36864K)
 Metaspace       used 77784K, committed 79360K, reserved 1179648K
  class space    used 8347K, committed 9152K, reserved 1048576K
}
Event: 156.616 GC heap before
{Heap before GC invocations=32 (full 0):
 garbage-first heap   total 782336K, used 350840K [0x0000000600000000, 0x0000000800000000)
  region size 4096K, 24 young (98304K), 9 survivors (36864K)
 Metaspace       used 77789K, committed 79360K, reserved 1179648K
  class space    used 8347K, committed 9152K, reserved 1048576K
}
Event: 156.632 GC heap after
{Heap after GC invocations=33 (full 0):
 garbage-first heap   total 782336K, used 224821K [0x0000000600000000, 0x0000000800000000)
  region size 4096K, 9 young (36864K), 9 survivors (36864K)
 Metaspace       used 77789K, committed 79360K, reserved 1179648K
  class space    used 8347K, committed 9152K, reserved 1048576K
}

