INFO: Invocation ID: 90524f15-5ef6-454b-9877-e3e50da866ab
INFO: Streaming build results to: https://dash.idx.dfinity.network/invocation/90524f15-5ef6-454b-9877-e3e50da866ab
Computing main repo mapping: 
WARNING: Streamed test output requested. All tests will be run locally, without sharding, one at a time
Loading: 
Loading: 0 packages loaded
WARNING: Build option --test_env has changed, discarding analysis cache (this can be expensive, see https://bazel.build/advanced/performance/iteration-speed).
Analyzing: target //rs/tests/networking:canister_http_soak_test (0 packages loaded, 0 targets configured)
Analyzing: target //rs/tests/networking:canister_http_soak_test (0 packages loaded, 0 targets configured)

Analyzing: target //rs/tests/networking:canister_http_soak_test (1450 packages loaded, 42703 targets configured)

Analyzing: target //rs/tests/networking:canister_http_soak_test (1663 packages loaded, 80885 targets configured)

INFO: Analyzed target //rs/tests/networking:canister_http_soak_test (1663 packages loaded, 80885 targets configured).
[1,416 / 5,406] checking cached actions
[8,329 / 11,239] [Prepa] Compiling Rust rlib consensus v0.9.0 (10 files) [for tool]
[11,174 / 11,239] Compiling Rust rlib consensus v0.9.0 (21 files) [for tool]; 0s remote-cache, linux-sandbox ... (2 actions, 1 running)
ERROR: /ic/rs/consensus/BUILD.bazel:106:13: Compiling Rust rlib consensus v0.9.0 (21 files) [for tool] failed: (Exit 1): process_wrapper failed: error executing Rustc command (from target //rs/consensus:consensus) bazel-out/k8-opt-exec-ST-d57f47055a04/bin/external/rules_rust/util/process_wrapper/process_wrapper --arg-file ... (remaining 76 arguments skipped)

Use --sandbox_debug to see verbose messages from the sandbox and retain the sandbox build root for debugging
error[E0382]: borrow of moved value: `http_stats`
   --> rs/consensus/src/consensus/batch_delivery.rs:297:13
    |
287 |         let (mut http_responses, http_stats) =
    |                                  ---------- move occurs because `http_stats` has type `CanisterHttpBatchStats`, which does not implement the `Copy` trait
...
290 |         stats.canister_http = http_stats;
    |                               ---------- value moved here
...
297 |             http_stats.divergence_responses
    |             ^^^^^^^^^^^^^^^^^^^^^^^^^^^^^^^ value borrowed here after move
    |
    = note: this error originates in the macro `$crate::__export::format_args` which comes from the expansion of the macro `info` (in Nightly builds, run with -Z macro-backtrace for more info)

error: aborting due to 1 previous error

For more information about this error, try `rustc --explain E0382`.
Target //rs/tests/networking:canister_http_soak_test failed to build
Use --verbose_failures to see the command lines of failed build steps.
INFO: Elapsed time: 8.171s, Critical Path: 2.27s
INFO: 7 processes: 3 remote cache hit, 4 internal.
ERROR: Build did NOT complete successfully
FAILED: 
//rs/tests/networking:canister_http_soak_test                   FAILED TO BUILD

Executed 0 out of 1 test: 1 fails to build.
INFO: Streaming build results to: https://dash.idx.dfinity.network/invocation/90524f15-5ef6-454b-9877-e3e50da866ab
