INFO: Invocation ID: 8d8403b8-6b1e-4484-aa98-3af97eb47cf9
INFO: Streaming build results to: https://dash.idx.dfinity.network/invocation/8d8403b8-6b1e-4484-aa98-3af97eb47cf9
Computing main repo mapping: 
WARNING: Streamed test output requested. All tests will be run locally, without sharding, one at a time
Loading: 
Loading: 0 packages loaded
WARNING: Build option --test_env has changed, discarding analysis cache (this can be expensive, see https://bazel.build/advanced/performance/iteration-speed).
Analyzing: target //rs/tests/networking:canister_http_soak_test (0 packages loaded, 0 targets configured)
Analyzing: target //rs/tests/networking:canister_http_soak_test (0 packages loaded, 0 targets configured)

Analyzing: target //rs/tests/networking:canister_http_soak_test (1010 packages loaded, 30085 targets configured)

Analyzing: target //rs/tests/networking:canister_http_soak_test (1663 packages loaded, 77862 targets configured)

INFO: Analyzed target //rs/tests/networking:canister_http_soak_test (1663 packages loaded, 80885 targets configured).
[299 / 1,287] checking cached actions
[10,314 / 11,239] [Prepa] Compiling Rust rlib consensus v0.9.0 (10 files)
[11,195 / 11,239] Compiling Rust rlib consensus v0.9.0 (10 files); 1s remote-cache, linux-sandbox ... (3 actions running)
ERROR: /ic/rs/https_outcalls/consensus/BUILD.bazel:42:13: Compiling Rust rlib consensus v0.9.0 (10 files) [for tool] failed: (Exit 1): process_wrapper failed: error executing Rustc command (from target //rs/https_outcalls/consensus:consensus) bazel-out/k8-opt-exec-ST-d57f47055a04/bin/external/rules_rust/util/process_wrapper/process_wrapper --arg-file ... (remaining 345 arguments skipped)

Use --sandbox_debug to see verbose messages from the sandbox and retain the sandbox build root for debugging
error[E0424]: expected value, found module `self`
   --> rs/https_outcalls/consensus/src/payload_builder.rs:696:13
    |
653 |     fn into_messages(payload: &[u8]) -> (Vec<ConsensusResponse>, CanisterHttpBatchStats) {
    |        ------------- this function doesn't have a `self` parameter
...
696 |             self.log,
    |             ^^^^ `self` value is a keyword only available in methods with a `self` parameter
    |
help: add a `self` receiver parameter to make the associated `fn` a method
    |
653 |     fn into_messages(&self, payload: &[u8]) -> (Vec<ConsensusResponse>, CanisterHttpBatchStats) {
    |                      ++++++

error: aborting due to 1 previous error

For more information about this error, try `rustc --explain E0424`.
ERROR: /ic/rs/https_outcalls/consensus/BUILD.bazel:42:13: Compiling Rust rlib consensus v0.9.0 (10 files) failed: (Exit 1): process_wrapper failed: error executing Rustc command (from target //rs/https_outcalls/consensus:consensus) bazel-out/k8-opt-exec-ST-e9669323fd2b/bin/external/rules_rust/util/process_wrapper/process_wrapper --arg-file ... (remaining 347 arguments skipped)

Use --sandbox_debug to see verbose messages from the sandbox and retain the sandbox build root for debugging
error[E0424]: expected value, found module `self`
   --> rs/https_outcalls/consensus/src/payload_builder.rs:696:13
    |
653 |     fn into_messages(payload: &[u8]) -> (Vec<ConsensusResponse>, CanisterHttpBatchStats) {
    |        ------------- this function doesn't have a `self` parameter
...
696 |             self.log,
    |             ^^^^ `self` value is a keyword only available in methods with a `self` parameter
    |
help: add a `self` receiver parameter to make the associated `fn` a method
    |
653 |     fn into_messages(&self, payload: &[u8]) -> (Vec<ConsensusResponse>, CanisterHttpBatchStats) {
    |                      ++++++

error: aborting due to 1 previous error

For more information about this error, try `rustc --explain E0424`.
ERROR: /ic/rs/https_outcalls/consensus/BUILD.bazel:42:13: Compiling Rust rlib consensus v0.9.0 (10 files) failed: (Exit 1): process_wrapper failed: error executing Rustc command (from target //rs/https_outcalls/consensus:consensus) bazel-out/k8-opt-exec-ST-e9669323fd2b/bin/external/rules_rust/util/process_wrapper/process_wrapper --arg-file ... (remaining 347 arguments skipped)

Use --sandbox_debug to see verbose messages from the sandbox and retain the sandbox build root for debugging
error[E0424]: expected value, found module `self`
   --> rs/https_outcalls/consensus/src/payload_builder.rs:696:13
    |
653 |     fn into_messages(payload: &[u8]) -> (Vec<ConsensusResponse>, CanisterHttpBatchStats) {
    |        ------------- this function doesn't have a `self` parameter
...
696 |             self.log,
    |             ^^^^ `self` value is a keyword only available in methods with a `self` parameter
    |
help: add a `self` receiver parameter to make the associated `fn` a method
    |
653 |     fn into_messages(&self, payload: &[u8]) -> (Vec<ConsensusResponse>, CanisterHttpBatchStats) {
    |                      ++++++

error: aborting due to 1 previous error

For more information about this error, try `rustc --explain E0424`.
[11,198 / 11,239] 1 / 1 tests, 1 failed; checking cached actions
Target //rs/tests/networking:canister_http_soak_test failed to build
Use --verbose_failures to see the command lines of failed build steps.
INFO: Elapsed time: 11.983s, Critical Path: 3.75s
INFO: 4 processes: 4 internal.
ERROR: Build did NOT complete successfully
FAILED: 
//rs/tests/networking:canister_http_soak_test                   FAILED TO BUILD

Executed 0 out of 1 test: 1 fails to build.
INFO: Streaming build results to: https://dash.idx.dfinity.network/invocation/8d8403b8-6b1e-4484-aa98-3af97eb47cf9
