INFO: Invocation ID: 7fd904ae-33ef-417f-985b-1446e5a4ce4e
INFO: Streaming build results to: https://dash.idx.dfinity.network/invocation/7fd904ae-33ef-417f-985b-1446e5a4ce4e
Computing main repo mapping: 
WARNING: Streamed test output requested. All tests will be run locally, without sharding, one at a time
Loading: 
Loading: 0 packages loaded
WARNING: Build option --test_env has changed, discarding analysis cache (this can be expensive, see https://bazel.build/advanced/performance/iteration-speed).
Analyzing: target //rs/tests/networking:canister_http_socks_test (0 packages loaded, 0 targets configured)
Analyzing: target //rs/tests/networking:canister_http_socks_test (0 packages loaded, 0 targets configured)

Analyzing: target //rs/tests/networking:canister_http_socks_test (0 packages loaded, 63384 targets configured)

INFO: Analyzed target //rs/tests/networking:canister_http_socks_test (0 packages loaded, 63384 targets configured).
[7,866 / 7,873] Action ic-os/boundary-guestos/envs/dev/partition-root-unsigned.tzst; 0s local ... (2 actions running)
ERROR: /ic/rs/tests/networking/BUILD.bazel:78:16: Compiling Rust bin canister_http_socks_test_bin (1 files) [for tool] failed: (Exit 1): process_wrapper failed: error executing Rustc command (from target //rs/tests/networking:canister_http_socks_test_bin) bazel-out/k8-opt-exec-ST-d57f47055a04/bin/external/rules_rust/util/process_wrapper/process_wrapper --arg-file ... (remaining 176 arguments skipped)

Use --sandbox_debug to see verbose messages from the sandbox and retain the sandbox build root for debugging
error[E0308]: mismatched types
   --> rs/tests/networking/canister_http_socks_test.rs:115:62
    |
115 |     env.sync_with_prometheus_by_name("", env.get_playnet_url(BN_NAME.to_string()));
    |                                              --------------- ^^^^^^^^^^^^^^^^^^^ expected `&str`, found `String`
    |                                              |
    |                                              arguments to this method are incorrect
    |
note: method defined here
   --> rs/tests/driver/src/driver/prometheus_vm.rs:388:8
help: try removing the method call
    |
115 -     env.sync_with_prometheus_by_name("", env.get_playnet_url(BN_NAME.to_string()));
115 +     env.sync_with_prometheus_by_name("", env.get_playnet_url(BN_NAME));
    |

error: aborting due to 1 previous error

For more information about this error, try `rustc --explain E0308`.
Target //rs/tests/networking:canister_http_socks_test failed to build
Use --verbose_failures to see the command lines of failed build steps.
INFO: Elapsed time: 4.006s, Critical Path: 1.01s
INFO: 3 processes: 3 internal.
ERROR: Build did NOT complete successfully
FAILED: 
//rs/tests/networking:canister_http_socks_test                  FAILED TO BUILD

Executed 0 out of 1 test: 1 fails to build.
INFO: Streaming build results to: https://dash.idx.dfinity.network/invocation/7fd904ae-33ef-417f-985b-1446e5a4ce4e
